INFO 2019-11-03 19:51:42,217 root : -----------------------------------------------------------------
INFO 2019-11-03 19:51:42,218 root : Сервер доступний. Статуст код = 200
INFO 2019-11-03 19:51:42,218 root : Сервер доступний. Час на сервері: 2019-11-03 17:51:42
INFO 2019-11-03 19:51:42,218 root : Запитувана сторінка: : /health/
INFO 2019-11-03 19:51:42,218 root : Інформація про сервер: {'System': 'Linux', 'Release': '5.3.0-19-generic', 'Type': 'x86_64'}
INFO 2019-11-03 19:51:42,218 root : Інформація про клієнта: python-requests/2.22.0
INFO 2019-11-03 19:52:48,691 root : -----------------------------------------------------------------
INFO 2019-11-03 19:52:48,691 root : Сервер доступний. Статуст код = 200
INFO 2019-11-03 19:52:48,691 root : Сервер доступний. Час на сервері: 2019-11-03 17:52:48
INFO 2019-11-03 19:52:48,691 root : Запитувана сторінка: : /health/
INFO 2019-11-03 19:52:48,691 root : Інформація про сервер: {'System': 'Linux', 'Release': '5.3.0-19-generic', 'Type': 'x86_64'}
INFO 2019-11-03 19:52:48,691 root : Інформація про клієнта: python-requests/2.22.0
INFO 2019-11-03 19:54:48,838 root : -----------------------------------------------------------------
INFO 2019-11-03 19:54:48,838 root : Сервер доступний. Статуст код = 200
INFO 2019-11-03 19:54:48,838 root : Сервер доступний. Час на сервері: 2019-11-03 17:54:48
INFO 2019-11-03 19:54:48,838 root : Запитувана сторінка: : /health/
INFO 2019-11-03 19:54:48,838 root : Інформація про сервер: {'System': 'Linux', 'Release': '5.3.0-19-generic', 'Type': 'x86_64'}
INFO 2019-11-03 19:54:48,838 root : Інформація про клієнта: python-requests/2.22.0
INFO 2019-11-03 19:55:48,912 root : -----------------------------------------------------------------
INFO 2019-11-03 19:55:48,912 root : Сервер доступний. Статуст код = 200
INFO 2019-11-03 19:55:48,915 root : Сервер доступний. Час на сервері: 2019-11-03 17:55:48
INFO 2019-11-03 19:55:48,915 root : Запитувана сторінка: : /health/
INFO 2019-11-03 19:55:48,915 root : Інформація про сервер: {'System': 'Linux', 'Release': '5.3.0-19-generic', 'Type': 'x86_64'}
INFO 2019-11-03 19:55:48,916 root : Інформація про клієнта: python-requests/2.22.0
INFO 2019-11-03 19:56:48,988 root : -----------------------------------------------------------------
INFO 2019-11-03 19:56:48,988 root : Сервер доступний. Статуст код = 200
INFO 2019-11-03 19:56:48,988 root : Сервер доступний. Час на сервері: 2019-11-03 17:56:48
INFO 2019-11-03 19:56:48,988 root : Запитувана сторінка: : /health/
INFO 2019-11-03 19:56:48,988 root : Інформація про сервер: {'System': 'Linux', 'Release': '5.3.0-19-generic', 'Type': 'x86_64'}
INFO 2019-11-03 19:56:48,989 root : Інформація про клієнта: python-requests/2.22.0
INFO 2019-11-03 19:57:49,053 root : -----------------------------------------------------------------
INFO 2019-11-03 19:57:49,053 root : Сервер доступний. Статуст код = 200
INFO 2019-11-03 19:57:49,053 root : Сервер доступний. Час на сервері: 2019-11-03 17:57:49
INFO 2019-11-03 19:57:49,053 root : Запитувана сторінка: : /health/
INFO 2019-11-03 19:57:49,053 root : Інформація про сервер: {'System': 'Linux', 'Release': '5.3.0-19-generic', 'Type': 'x86_64'}
INFO 2019-11-03 19:57:49,053 root : Інформація про клієнта: python-requests/2.22.0
